0 verbose cli C:\Program Files\nodejs\node.exe C:\Users\ADMIN\AppData\Roaming\npm\node_modules\npm\bin\npm-cli.js
1 info using npm@11.6.2
2 info using node@v22.12.0
3 silly config load:file:C:\Users\ADMIN\AppData\Roaming\npm\node_modules\npm\npmrc
4 silly config load:file:C:\Users\ADMIN\Desktop\BALA\Ecommerce App\backend\.npmrc
5 silly config load:file:C:\Users\ADMIN\.npmrc
6 silly config load:file:C:\Users\ADMIN\AppData\Roaming\npm\etc\npmrc
7 verbose title npm install bcryptjs
8 verbose argv "install" "bcryptjs" "--force"
9 verbose logfile logs-max:10 dir:C:\Users\ADMIN\Desktop\BALA\Ecommerce App\backend\%USERPROFILE%\AppData\Roaming\npm-cache\_logs\2025-11-11T06_18_02_985Z-
10 verbose logfile C:\Users\ADMIN\Desktop\BALA\Ecommerce App\backend\%USERPROFILE%\AppData\Roaming\npm-cache\_logs\2025-11-11T06_18_02_985Z-debug-0.log
11 warn using --force Recommended protections disabled.
12 silly logfile start cleaning logs, removing 1 files
13 silly packumentCache heap:2197815296 maxSize:549453824 maxEntrySize:274726912
14 silly logfile done cleaning log files
15 silly idealTree buildDeps
16 silly fetch manifest bcryptjs@^3.0.3
17 silly packumentCache full:https://registry.npmjs.org/bcryptjs cache-miss
18 http cache https://registry.npmjs.org/bcryptjs 68ms (cache hit)
19 silly packumentCache full:https://registry.npmjs.org/bcryptjs set size:80409 disposed:false
20 silly placeDep ROOT bcryptjs@3.0.3 REPLACE for: ecommerce-app@1.0.0 want: ^3.0.3
21 silly reify moves {}
22 silly audit bulk request {
22 silly audit   '@mongodb-js/saslprep': [ '1.3.2' ],
22 silly audit   '@types/webidl-conversions': [ '7.0.3' ],
22 silly audit   '@types/whatwg-url': [ '11.0.5' ],
22 silly audit   accepts: [ '2.0.0' ],
22 silly audit   anymatch: [ '3.1.3' ],
22 silly audit   'balanced-match': [ '1.0.2' ],
22 silly audit   bcrypt: [ '6.0.0' ],
22 silly audit   'binary-extensions': [ '2.3.0' ],
22 silly audit   'body-parser': [ '2.2.0' ],
22 silly audit   'brace-expansion': [ '1.1.12' ],
22 silly audit   braces: [ '3.0.3' ],
22 silly audit   bson: [ '6.10.4' ],
22 silly audit   'buffer-equal-constant-time': [ '1.0.1' ],
22 silly audit   bytes: [ '3.1.2' ],
22 silly audit   'call-bind-apply-helpers': [ '1.0.2' ],
22 silly audit   'call-bound': [ '1.0.4' ],
22 silly audit   chokidar: [ '3.6.0' ],
22 silly audit   'concat-map': [ '0.0.1' ],
22 silly audit   'content-disposition': [ '1.0.0' ],
22 silly audit   'content-type': [ '1.0.5' ],
22 silly audit   cookie: [ '0.7.2' ],
22 silly audit   'cookie-signature': [ '1.2.2' ],
22 silly audit   cors: [ '2.8.5' ],
22 silly audit   debug: [ '4.4.3' ],
22 silly audit   depd: [ '2.0.0' ],
22 silly audit   dotenv: [ '17.2.3' ],
22 silly audit   'dunder-proto': [ '1.0.1' ],
22 silly audit   'ecdsa-sig-formatter': [ '1.0.11' ],
22 silly audit   'ee-first': [ '1.1.1' ],
22 silly audit   encodeurl: [ '2.0.0' ],
22 silly audit   'es-define-property': [ '1.0.1' ],
22 silly audit   'es-errors': [ '1.3.0' ],
22 silly audit   'es-object-atoms': [ '1.1.1' ],
22 silly audit   'escape-html': [ '1.0.3' ],
22 silly audit   etag: [ '1.8.1' ],
22 silly audit   express: [ '5.1.0' ],
22 silly audit   'fill-range': [ '7.1.1' ],
22 silly audit   finalhandler: [ '2.1.0' ],
22 silly audit   forwarded: [ '0.2.0' ],
22 silly audit   fresh: [ '2.0.0' ],
22 silly audit   fsevents: [ '2.3.3' ],
22 silly audit   'function-bind': [ '1.1.2' ],
22 silly audit   'get-intrinsic': [ '1.3.0' ],
22 silly audit   'get-proto': [ '1.0.1' ],
22 silly audit   'glob-parent': [ '5.1.2' ],
22 silly audit   gopd: [ '1.2.0' ],
22 silly audit   'has-flag': [ '3.0.0' ],
22 silly audit   'has-symbols': [ '1.1.0' ],
22 silly audit   hasown: [ '2.0.2' ],
22 silly audit   'http-errors': [ '2.0.0' ],
22 silly audit   statuses: [ '2.0.1', '2.0.2' ],
22 silly audit   'iconv-lite': [ '0.6.3', '0.7.0' ],
22 silly audit   'ignore-by-default': [ '1.0.1' ],
22 silly audit   inherits: [ '2.0.4' ],
22 silly audit   'ipaddr.js': [ '1.9.1' ],
22 silly audit   'is-binary-path': [ '2.1.0' ],
22 silly audit   'is-extglob': [ '2.1.1' ],
22 silly audit   'is-glob': [ '4.0.3' ],
22 silly audit   'is-number': [ '7.0.0' ],
22 silly audit   'is-promise': [ '4.0.0' ],
22 silly audit   jsonwebtoken: [ '9.0.2' ],
22 silly audit   jwa: [ '1.4.2' ],
22 silly audit   jws: [ '3.2.2' ],
22 silly audit   kareem: [ '2.6.3' ],
22 silly audit   'lodash.includes': [ '4.3.0' ],
22 silly audit   'lodash.isboolean': [ '3.0.3' ],
22 silly audit   'lodash.isinteger': [ '4.0.4' ],
22 silly audit   'lodash.isnumber': [ '3.0.3' ],
22 silly audit   'lodash.isplainobject': [ '4.0.6' ],
22 silly audit   'lodash.isstring': [ '4.0.1' ],
22 silly audit   'lodash.once': [ '4.1.1' ],
22 silly audit   'math-intrinsics': [ '1.1.0' ],
22 silly audit   'media-typer': [ '1.1.0' ],
22 silly audit   'memory-pager': [ '1.5.0' ],
22 silly audit   'merge-descriptors': [ '2.0.0' ],
22 silly audit   'mime-db': [ '1.54.0' ],
22 silly audit   'mime-types': [ '3.0.1' ],
22 silly audit   minimatch: [ '3.1.2' ],
22 silly audit   mongodb: [ '6.20.0' ],
22 silly audit   'mongodb-connection-string-url': [ '3.0.2' ],
22 silly audit   mongoose: [ '8.19.3' ],
22 silly audit   mpath: [ '0.9.0' ],
22 silly audit   mquery: [ '5.0.0' ],
22 silly audit   ms: [ '2.1.3' ],
22 silly audit   negotiator: [ '1.0.0' ],
22 silly audit   'node-addon-api': [ '8.5.0' ],
22 silly audit   'node-gyp-build': [ '4.8.4' ],
22 silly audit   nodemon: [ '3.1.10' ],
22 silly audit   'normalize-path': [ '3.0.0' ],
22 silly audit   'object-assign': [ '4.1.1' ],
22 silly audit   'object-inspect': [ '1.13.4' ],
22 silly audit   'on-finished': [ '2.4.1' ],
22 silly audit   once: [ '1.4.0' ],
22 silly audit   parseurl: [ '1.3.3' ],
22 silly audit   'path-to-regexp': [ '8.3.0' ],
22 silly audit   picomatch: [ '2.3.1' ],
22 silly audit   'proxy-addr': [ '2.0.7' ],
22 silly audit   'pstree.remy': [ '1.1.8' ],
22 silly audit   punycode: [ '2.3.1' ],
22 silly audit   qs: [ '6.14.0' ],
22 silly audit   'range-parser': [ '1.2.1' ],
22 silly audit   'raw-body': [ '3.0.1' ],
22 silly audit   readdirp: [ '3.6.0' ],
22 silly audit   router: [ '2.2.0' ],
22 silly audit   'safe-buffer': [ '5.2.1' ],
22 silly audit   'safer-buffer': [ '2.1.2' ],
22 silly audit   semver: [ '7.7.3' ],
22 silly audit   send: [ '1.2.0' ],
22 silly audit   'serve-static': [ '2.2.0' ],
22 silly audit   setprototypeof: [ '1.2.0' ],
22 silly audit   'side-channel': [ '1.1.0' ],
22 silly audit   'side-channel-list': [ '1.0.0' ],
22 silly audit   'side-channel-map': [ '1.0.1' ],
22 silly audit   'side-channel-weakmap': [ '1.0.2' ],
22 silly audit   sift: [ '17.1.3' ],
22 silly audit   'simple-update-notifier': [ '2.0.0' ],
22 silly audit   'sparse-bitfield': [ '3.0.3' ],
22 silly audit   'supports-color': [ '5.5.0' ],
22 silly audit   'to-regex-range': [ '5.0.1' ],
22 silly audit   toidentifier: [ '1.0.1' ],
22 silly audit   touch: [ '3.1.1' ],
22 silly audit   tr46: [ '5.1.1' ],
22 silly audit   'type-is': [ '2.0.1' ],
22 silly audit   undefsafe: [ '2.0.5' ],
22 silly audit   unpipe: [ '1.0.0' ],
22 silly audit   vary: [ '1.1.2' ],
22 silly audit   'webidl-conversions': [ '7.0.0' ],
22 silly audit   'whatwg-url': [ '14.2.0' ],
22 silly audit   wrappy: [ '1.0.2' ],
22 silly audit   bcryptjs: [ '3.0.3' ]
22 silly audit }
23 http fetch POST 200 https://registry.npmjs.org/-/npm/v1/security/advisories/bulk 445ms
24 silly audit report {}
25 verbose cwd C:\Users\ADMIN\Desktop\BALA\Ecommerce App\backend
26 verbose os Windows_NT 10.0.19045
27 verbose node v22.12.0
28 verbose npm  v11.6.2
29 verbose exit 0
30 info ok
