0 verbose cli C:\Program Files\nodejs\node.exe C:\Users\ADMIN\AppData\Roaming\npm\node_modules\npm\bin\npm-cli.js
1 info using npm@11.6.2
2 info using node@v22.12.0
3 silly config load:file:C:\Users\ADMIN\AppData\Roaming\npm\node_modules\npm\npmrc
4 silly config load:file:C:\Users\ADMIN\Desktop\BALA\Ecommerce App\backend\.npmrc
5 silly config load:file:C:\Users\ADMIN\.npmrc
6 silly config load:file:C:\Users\ADMIN\AppData\Roaming\npm\etc\npmrc
7 verbose title npm init
8 verbose argv "init" "--yes"
9 verbose logfile logs-max:10 dir:C:\Users\ADMIN\Desktop\BALA\Ecommerce App\backend\%USERPROFILE%\AppData\Roaming\npm-cache\_logs\2025-11-08T10_46_59_975Z-
10 verbose logfile C:\Users\ADMIN\Desktop\BALA\Ecommerce App\backend\%USERPROFILE%\AppData\Roaming\npm-cache\_logs\2025-11-08T10_46_59_975Z-debug-0.log
11 silly logfile start cleaning logs, removing 1 files
12 silly logfile done cleaning log files
13 silly package data {
13 silly package data   name: 'ecommerce-app',
13 silly package data   version: '1.0.0',
13 silly package data   description: '',
13 silly package data   main: 'server.js',
13 silly package data   scripts: {
13 silly package data     test: 'echo "Error: no test specified" && exit 1',
13 silly package data     start: 'node server.js',
13 silly package data     dev: 'nodemon server.js'
13 silly package data   },
13 silly package data   keywords: [],
13 silly package data   author: '',
13 silly package data   license: 'ISC',
13 silly package data   type: 'module',
13 silly package data   dependencies: {
13 silly package data     bcrypt: '^6.0.0',
13 silly package data     'body-parser': '^2.2.0',
13 silly package data     cors: '^2.8.5',
13 silly package data     dotenv: '^17.2.3',
13 silly package data     express: '^5.1.0',
13 silly package data     mongodb: '^6.20.0',
13 silly package data     mongoose: '^8.19.2'
13 silly package data   },
13 silly package data   devDependencies: { nodemon: '^3.1.10' },
13 silly package data   [Symbol(newline)]: '\n',
13 silly package data   [Symbol(indent)]: '  '
13 silly package data }
14 verbose cwd C:\Users\ADMIN\Desktop\BALA\Ecommerce App\backend
15 verbose os Windows_NT 10.0.19045
16 verbose node v22.12.0
17 verbose npm  v11.6.2
18 verbose exit 0
19 info ok
