0 verbose cli C:\Program Files\nodejs\node.exe C:\Users\ADMIN\AppData\Roaming\npm\node_modules\npm\bin\npm-cli.js
1 info using npm@11.6.2
2 info using node@v22.12.0
3 silly config load:file:C:\Users\ADMIN\AppData\Roaming\npm\node_modules\npm\npmrc
4 silly config load:file:C:\Users\ADMIN\Desktop\BALA\Ecommerce App\backend\.npmrc
5 silly config load:file:C:\Users\ADMIN\.npmrc
6 silly config load:file:C:\Users\ADMIN\AppData\Roaming\npm\etc\npmrc
7 verbose title npm install bcryptjs jsonwebtoken mongoose express cors body-parser dotenv
8 verbose argv "install" "bcryptjs" "jsonwebtoken" "mongoose" "express" "cors" "body-parser" "dotenv"
9 verbose logfile logs-max:10 dir:C:\Users\ADMIN\Desktop\BALA\Ecommerce App\backend\%USERPROFILE%\AppData\Roaming\npm-cache\_logs\2025-11-11T06_04_09_310Z-
10 verbose logfile C:\Users\ADMIN\Desktop\BALA\Ecommerce App\backend\%USERPROFILE%\AppData\Roaming\npm-cache\_logs\2025-11-11T06_04_09_310Z-debug-0.log
11 silly logfile start cleaning logs, removing 1 files
12 silly packumentCache heap:2197815296 maxSize:549453824 maxEntrySize:274726912
13 silly logfile done cleaning log files
14 silly idealTree buildDeps
15 silly fetch manifest body-parser@^2.2.0
16 silly packumentCache full:https://registry.npmjs.org/body-parser cache-miss
17 http fetch GET 200 https://registry.npmjs.org/body-parser 246ms (cache revalidated)
18 silly packumentCache full:https://registry.npmjs.org/body-parser set size:209501 disposed:false
19 silly fetch manifest cors@^2.8.5
20 silly packumentCache full:https://registry.npmjs.org/cors cache-miss
21 http fetch GET 200 https://registry.npmjs.org/cors 56ms (cache revalidated)
22 silly packumentCache full:https://registry.npmjs.org/cors set size:73833 disposed:false
23 silly fetch manifest dotenv@^17.2.3
24 silly packumentCache full:https://registry.npmjs.org/dotenv cache-miss
25 http fetch GET 200 https://registry.npmjs.org/dotenv 58ms (cache revalidated)
26 silly packumentCache full:https://registry.npmjs.org/dotenv set size:261324 disposed:false
27 silly fetch manifest express@^5.1.0
28 silly packumentCache full:https://registry.npmjs.org/express cache-miss
29 http fetch GET 200 https://registry.npmjs.org/express 57ms (cache revalidated)
30 silly packumentCache full:https://registry.npmjs.org/express set size:796302 disposed:false
31 silly fetch manifest mongoose@^8.19.2
32 silly packumentCache full:https://registry.npmjs.org/mongoose cache-miss
33 http fetch GET 200 https://registry.npmjs.org/mongoose 168ms (cache updated)
34 silly packumentCache full:https://registry.npmjs.org/mongoose set size:undefined disposed:false
35 silly fetch manifest bcryptjs@*
36 silly packumentCache full:https://registry.npmjs.org/bcryptjs cache-miss
37 http fetch GET 200 https://registry.npmjs.org/bcryptjs 42ms (cache miss)
38 silly packumentCache full:https://registry.npmjs.org/bcryptjs set size:undefined disposed:false
39 silly fetch manifest jsonwebtoken@*
40 silly packumentCache full:https://registry.npmjs.org/jsonwebtoken cache-miss
41 http fetch GET 200 https://registry.npmjs.org/jsonwebtoken 52ms (cache miss)
42 silly packumentCache full:https://registry.npmjs.org/jsonwebtoken set size:undefined disposed:false
43 silly placeDep ROOT bcryptjs@3.0.3 OK for: ecommerce-app@1.0.0 want: *
44 silly placeDep ROOT body-parser@2.2.0 REPLACE for: ecommerce-app@1.0.0 want: ^2.2.0
45 silly placeDep ROOT cors@2.8.5 REPLACE for: ecommerce-app@1.0.0 want: ^2.8.5
46 silly placeDep ROOT dotenv@17.2.3 REPLACE for: ecommerce-app@1.0.0 want: ^17.2.3
47 silly placeDep ROOT express@5.1.0 REPLACE for: ecommerce-app@1.0.0 want: ^5.1.0
48 silly placeDep ROOT jsonwebtoken@9.0.2 OK for: ecommerce-app@1.0.0 want: *
49 silly placeDep ROOT mongoose@8.19.3 REPLACE for: ecommerce-app@1.0.0 want: ^8.19.2
50 silly fetch manifest jws@^3.2.2
51 silly packumentCache full:https://registry.npmjs.org/jws cache-miss
52 silly fetch manifest lodash.once@^4.0.0
53 silly packumentCache full:https://registry.npmjs.org/lodash.once cache-miss
54 silly fetch manifest lodash.includes@^4.3.0
55 silly packumentCache full:https://registry.npmjs.org/lodash.includes cache-miss
56 http fetch GET 200 https://registry.npmjs.org/jws 45ms (cache miss)
57 silly packumentCache full:https://registry.npmjs.org/jws set size:undefined disposed:false
58 silly fetch manifest lodash.isnumber@^3.0.3
59 silly packumentCache full:https://registry.npmjs.org/lodash.isnumber cache-miss
60 http fetch GET 200 https://registry.npmjs.org/lodash.once 104ms (cache miss)
61 silly packumentCache full:https://registry.npmjs.org/lodash.once set size:undefined disposed:false
62 silly fetch manifest lodash.isstring@^4.0.1
63 silly packumentCache full:https://registry.npmjs.org/lodash.isstring cache-miss
64 http fetch GET 200 https://registry.npmjs.org/lodash.isnumber 60ms (cache miss)
65 silly packumentCache full:https://registry.npmjs.org/lodash.isnumber set size:undefined disposed:false
66 silly fetch manifest lodash.isboolean@^3.0.3
67 silly packumentCache full:https://registry.npmjs.org/lodash.isboolean cache-miss
68 http fetch GET 200 https://registry.npmjs.org/lodash.includes 180ms (cache miss)
69 silly packumentCache full:https://registry.npmjs.org/lodash.includes set size:undefined disposed:false
70 silly fetch manifest lodash.isinteger@^4.0.4
71 silly packumentCache full:https://registry.npmjs.org/lodash.isinteger cache-miss
72 http fetch GET 200 https://registry.npmjs.org/lodash.isstring 83ms (cache miss)
73 silly packumentCache full:https://registry.npmjs.org/lodash.isstring set size:undefined disposed:false
74 silly fetch manifest lodash.isplainobject@^4.0.6
75 silly packumentCache full:https://registry.npmjs.org/lodash.isplainobject cache-miss
76 http fetch GET 200 https://registry.npmjs.org/lodash.isboolean 84ms (cache miss)
77 silly packumentCache full:https://registry.npmjs.org/lodash.isboolean set size:undefined disposed:false
78 http fetch GET 200 https://registry.npmjs.org/lodash.isplainobject 83ms (cache miss)
79 silly packumentCache full:https://registry.npmjs.org/lodash.isplainobject set size:undefined disposed:false
80 http fetch GET 200 https://registry.npmjs.org/lodash.isinteger 95ms (cache miss)
81 silly packumentCache full:https://registry.npmjs.org/lodash.isinteger set size:undefined disposed:false
82 silly placeDep ROOT jws@3.2.2 OK for: jsonwebtoken@9.0.2 want: ^3.2.2
83 silly placeDep ROOT lodash.includes@4.3.0 OK for: jsonwebtoken@9.0.2 want: ^4.3.0
84 silly placeDep ROOT lodash.isboolean@3.0.3 OK for: jsonwebtoken@9.0.2 want: ^3.0.3
85 silly placeDep ROOT lodash.isinteger@4.0.4 OK for: jsonwebtoken@9.0.2 want: ^4.0.4
86 silly placeDep ROOT lodash.isnumber@3.0.3 OK for: jsonwebtoken@9.0.2 want: ^3.0.3
87 silly placeDep ROOT lodash.isplainobject@4.0.6 OK for: jsonwebtoken@9.0.2 want: ^4.0.6
88 silly placeDep ROOT lodash.isstring@4.0.1 OK for: jsonwebtoken@9.0.2 want: ^4.0.1
89 silly placeDep ROOT lodash.once@4.1.1 OK for: jsonwebtoken@9.0.2 want: ^4.0.0
90 silly fetch manifest jwa@^1.4.1
91 silly packumentCache full:https://registry.npmjs.org/jwa cache-miss
92 http fetch GET 200 https://registry.npmjs.org/jwa 296ms (cache miss)
93 silly packumentCache full:https://registry.npmjs.org/jwa set size:undefined disposed:false
94 silly placeDep ROOT jwa@1.4.2 OK for: jws@3.2.2 want: ^1.4.1
95 silly fetch manifest ecdsa-sig-formatter@1.0.11
96 silly packumentCache full:https://registry.npmjs.org/ecdsa-sig-formatter cache-miss
97 silly fetch manifest buffer-equal-constant-time@^1.0.1
98 silly packumentCache full:https://registry.npmjs.org/buffer-equal-constant-time cache-miss
99 http fetch GET 200 https://registry.npmjs.org/ecdsa-sig-formatter 48ms (cache miss)
100 silly packumentCache full:https://registry.npmjs.org/ecdsa-sig-formatter set size:undefined disposed:false
101 http fetch GET 200 https://registry.npmjs.org/buffer-equal-constant-time 83ms (cache miss)
102 silly packumentCache full:https://registry.npmjs.org/buffer-equal-constant-time set size:undefined disposed:false
103 silly placeDep ROOT buffer-equal-constant-time@1.0.1 OK for: jwa@1.4.2 want: ^1.0.1
104 silly placeDep ROOT ecdsa-sig-formatter@1.0.11 OK for: jwa@1.4.2 want: 1.0.11
105 silly reify mark retired [
105 silly reify   'C:\\Users\\ADMIN\\Desktop\\BALA\\Ecommerce App\\backend\\node_modules\\mongoose'
105 silly reify ]
106 silly reify moves {
106 silly reify   'C:\\Users\\ADMIN\\Desktop\\BALA\\Ecommerce App\\backend\\node_modules\\mongoose': 'C:\\Users\\ADMIN\\Desktop\\BALA\\Ecommerce App\\backend\\node_modules\\.mongoose-EzT6oidf'
106 silly reify }
107 silly audit bulk request {
107 silly audit   '@mongodb-js/saslprep': [ '1.3.2' ],
107 silly audit   '@types/webidl-conversions': [ '7.0.3' ],
107 silly audit   '@types/whatwg-url': [ '11.0.5' ],
107 silly audit   accepts: [ '2.0.0' ],
107 silly audit   anymatch: [ '3.1.3' ],
107 silly audit   'balanced-match': [ '1.0.2' ],
107 silly audit   bcrypt: [ '6.0.0' ],
107 silly audit   'binary-extensions': [ '2.3.0' ],
107 silly audit   'brace-expansion': [ '1.1.12' ],
107 silly audit   braces: [ '3.0.3' ],
107 silly audit   bson: [ '6.10.4' ],
107 silly audit   bytes: [ '3.1.2' ],
107 silly audit   'call-bind-apply-helpers': [ '1.0.2' ],
107 silly audit   'call-bound': [ '1.0.4' ],
107 silly audit   chokidar: [ '3.6.0' ],
107 silly audit   'concat-map': [ '0.0.1' ],
107 silly audit   'content-disposition': [ '1.0.0' ],
107 silly audit   'content-type': [ '1.0.5' ],
107 silly audit   cookie: [ '0.7.2' ],
107 silly audit   'cookie-signature': [ '1.2.2' ],
107 silly audit   debug: [ '4.4.3' ],
107 silly audit   depd: [ '2.0.0' ],
107 silly audit   'dunder-proto': [ '1.0.1' ],
107 silly audit   'ee-first': [ '1.1.1' ],
107 silly audit   encodeurl: [ '2.0.0' ],
107 silly audit   'es-define-property': [ '1.0.1' ],
107 silly audit   'es-errors': [ '1.3.0' ],
107 silly audit   'es-object-atoms': [ '1.1.1' ],
107 silly audit   'escape-html': [ '1.0.3' ],
107 silly audit   etag: [ '1.8.1' ],
107 silly audit   'fill-range': [ '7.1.1' ],
107 silly audit   finalhandler: [ '2.1.0' ],
107 silly audit   forwarded: [ '0.2.0' ],
107 silly audit   fresh: [ '2.0.0' ],
107 silly audit   fsevents: [ '2.3.3' ],
107 silly audit   'function-bind': [ '1.1.2' ],
107 silly audit   'get-intrinsic': [ '1.3.0' ],
107 silly audit   'get-proto': [ '1.0.1' ],
107 silly audit   'glob-parent': [ '5.1.2' ],
107 silly audit   gopd: [ '1.2.0' ],
107 silly audit   'has-flag': [ '3.0.0' ],
107 silly audit   'has-symbols': [ '1.1.0' ],
107 silly audit   hasown: [ '2.0.2' ],
107 silly audit   'http-errors': [ '2.0.0' ],
107 silly audit   statuses: [ '2.0.1', '2.0.2' ],
107 silly audit   'iconv-lite': [ '0.6.3', '0.7.0' ],
107 silly audit   'ignore-by-default': [ '1.0.1' ],
107 silly audit   inherits: [ '2.0.4' ],
107 silly audit   'ipaddr.js': [ '1.9.1' ],
107 silly audit   'is-binary-path': [ '2.1.0' ],
107 silly audit   'is-extglob': [ '2.1.1' ],
107 silly audit   'is-glob': [ '4.0.3' ],
107 silly audit   'is-number': [ '7.0.0' ],
107 silly audit   'is-promise': [ '4.0.0' ],
107 silly audit   kareem: [ '2.6.3' ],
107 silly audit   'math-intrinsics': [ '1.1.0' ],
107 silly audit   'media-typer': [ '1.1.0' ],
107 silly audit   'memory-pager': [ '1.5.0' ],
107 silly audit   'merge-descriptors': [ '2.0.0' ],
107 silly audit   'mime-db': [ '1.54.0' ],
107 silly audit   'mime-types': [ '3.0.1' ],
107 silly audit   minimatch: [ '3.1.2' ],
107 silly audit   mongodb: [ '6.20.0' ],
107 silly audit   'mongodb-connection-string-url': [ '3.0.2' ],
107 silly audit   mpath: [ '0.9.0' ],
107 silly audit   mquery: [ '5.0.0' ],
107 silly audit   ms: [ '2.1.3' ],
107 silly audit   negotiator: [ '1.0.0' ],
107 silly audit   'node-addon-api': [ '8.5.0' ],
107 silly audit   'node-gyp-build': [ '4.8.4' ],
107 silly audit   nodemon: [ '3.1.10' ],
107 silly audit   'normalize-path': [ '3.0.0' ],
107 silly audit   'object-assign': [ '4.1.1' ],
107 silly audit   'object-inspect': [ '1.13.4' ],
107 silly audit   'on-finished': [ '2.4.1' ],
107 silly audit   once: [ '1.4.0' ],
107 silly audit   parseurl: [ '1.3.3' ],
107 silly audit   'path-to-regexp': [ '8.3.0' ],
107 silly audit   picomatch: [ '2.3.1' ],
107 silly audit   'proxy-addr': [ '2.0.7' ],
107 silly audit   'pstree.remy': [ '1.1.8' ],
107 silly audit   punycode: [ '2.3.1' ],
107 silly audit   qs: [ '6.14.0' ],
107 silly audit   'range-parser': [ '1.2.1' ],
107 silly audit   'raw-body': [ '3.0.1' ],
107 silly audit   readdirp: [ '3.6.0' ],
107 silly audit   router: [ '2.2.0' ],
107 silly audit   'safe-buffer': [ '5.2.1' ],
107 silly audit   'safer-buffer': [ '2.1.2' ],
107 silly audit   semver: [ '7.7.3' ],
107 silly audit   send: [ '1.2.0' ],
107 silly audit   'serve-static': [ '2.2.0' ],
107 silly audit   setprototypeof: [ '1.2.0' ],
107 silly audit   'side-channel': [ '1.1.0' ],
107 silly audit   'side-channel-list': [ '1.0.0' ],
107 silly audit   'side-channel-map': [ '1.0.1' ],
107 silly audit   'side-channel-weakmap': [ '1.0.2' ],
107 silly audit   sift: [ '17.1.3' ],
107 silly audit   'simple-update-notifier': [ '2.0.0' ],
107 silly audit   'sparse-bitfield': [ '3.0.3' ],
107 silly audit   'supports-color': [ '5.5.0' ],
107 silly audit   'to-regex-range': [ '5.0.1' ],
107 silly audit   toidentifier: [ '1.0.1' ],
107 silly audit   touch: [ '3.1.1' ],
107 silly audit   tr46: [ '5.1.1' ],
107 silly audit   'type-is': [ '2.0.1' ],
107 silly audit   undefsafe: [ '2.0.5' ],
107 silly audit   unpipe: [ '1.0.0' ],
107 silly audit   vary: [ '1.1.2' ],
107 silly audit   'webidl-conversions': [ '7.0.0' ],
107 silly audit   'whatwg-url': [ '14.2.0' ],
107 silly audit   wrappy: [ '1.0.2' ],
107 silly audit   bcryptjs: [ '3.0.3' ],
107 silly audit   'body-parser': [ '2.2.0' ],
107 silly audit   cors: [ '2.8.5' ],
107 silly audit   dotenv: [ '17.2.3' ],
107 silly audit   express: [ '5.1.0' ],
107 silly audit   jsonwebtoken: [ '9.0.2' ],
107 silly audit   mongoose: [ '8.19.3' ],
107 silly audit   jws: [ '3.2.2' ],
107 silly audit   'lodash.includes': [ '4.3.0' ],
107 silly audit   'lodash.isboolean': [ '3.0.3' ],
107 silly audit   'lodash.isinteger': [ '4.0.4' ],
107 silly audit   'lodash.isnumber': [ '3.0.3' ],
107 silly audit   'lodash.isplainobject': [ '4.0.6' ],
107 silly audit   'lodash.isstring': [ '4.0.1' ],
107 silly audit   'lodash.once': [ '4.1.1' ],
107 silly audit   jwa: [ '1.4.2' ],
107 silly audit   'buffer-equal-constant-time': [ '1.0.1' ],
107 silly audit   'ecdsa-sig-formatter': [ '1.0.11' ]
107 silly audit }
108 http cache buffer-equal-constant-time@https://registry.npmjs.org/buffer-equal-constant-time/-/buffer-equal-constant-time-1.0.1.tgz 0ms (cache hit)
109 http cache ecdsa-sig-formatter@https://registry.npmjs.org/ecdsa-sig-formatter/-/ecdsa-sig-formatter-1.0.11.tgz 0ms (cache hit)
110 http cache jwa@https://registry.npmjs.org/jwa/-/jwa-1.4.2.tgz 0ms (cache hit)
111 http cache lodash.once@https://registry.npmjs.org/lodash.once/-/lodash.once-4.1.1.tgz 0ms (cache hit)
112 http cache lodash.isstring@https://registry.npmjs.org/lodash.isstring/-/lodash.isstring-4.0.1.tgz 0ms (cache hit)
113 http cache lodash.isplainobject@https://registry.npmjs.org/lodash.isplainobject/-/lodash.isplainobject-4.0.6.tgz 0ms (cache hit)
114 http cache lodash.isnumber@https://registry.npmjs.org/lodash.isnumber/-/lodash.isnumber-3.0.3.tgz 0ms (cache hit)
115 http cache lodash.isinteger@https://registry.npmjs.org/lodash.isinteger/-/lodash.isinteger-4.0.4.tgz 0ms (cache hit)
116 http cache lodash.isboolean@https://registry.npmjs.org/lodash.isboolean/-/lodash.isboolean-3.0.3.tgz 1ms (cache hit)
117 http cache lodash.includes@https://registry.npmjs.org/lodash.includes/-/lodash.includes-4.3.0.tgz 0ms (cache hit)
118 http cache jws@https://registry.npmjs.org/jws/-/jws-3.2.2.tgz 0ms (cache hit)
119 http cache jsonwebtoken@https://registry.npmjs.org/jsonwebtoken/-/jsonwebtoken-9.0.2.tgz 0ms (cache hit)
120 http cache bcryptjs@https://registry.npmjs.org/bcryptjs/-/bcryptjs-3.0.3.tgz 0ms (cache hit)
121 http cache mongoose@https://registry.npmjs.org/mongoose/-/mongoose-8.19.3.tgz 0ms (cache hit)
122 silly tarball no local data for buffer-equal-constant-time@https://registry.npmjs.org/buffer-equal-constant-time/-/buffer-equal-constant-time-1.0.1.tgz. Extracting by manifest.
123 silly tarball no local data for ecdsa-sig-formatter@https://registry.npmjs.org/ecdsa-sig-formatter/-/ecdsa-sig-formatter-1.0.11.tgz. Extracting by manifest.
124 silly tarball no local data for jwa@https://registry.npmjs.org/jwa/-/jwa-1.4.2.tgz. Extracting by manifest.
125 silly tarball no local data for lodash.once@https://registry.npmjs.org/lodash.once/-/lodash.once-4.1.1.tgz. Extracting by manifest.
126 silly tarball no local data for lodash.isstring@https://registry.npmjs.org/lodash.isstring/-/lodash.isstring-4.0.1.tgz. Extracting by manifest.
127 silly tarball no local data for lodash.isplainobject@https://registry.npmjs.org/lodash.isplainobject/-/lodash.isplainobject-4.0.6.tgz. Extracting by manifest.
128 silly tarball no local data for lodash.isnumber@https://registry.npmjs.org/lodash.isnumber/-/lodash.isnumber-3.0.3.tgz. Extracting by manifest.
129 silly tarball no local data for lodash.isinteger@https://registry.npmjs.org/lodash.isinteger/-/lodash.isinteger-4.0.4.tgz. Extracting by manifest.
130 silly tarball no local data for lodash.isboolean@https://registry.npmjs.org/lodash.isboolean/-/lodash.isboolean-3.0.3.tgz. Extracting by manifest.
131 silly tarball no local data for lodash.includes@https://registry.npmjs.org/lodash.includes/-/lodash.includes-4.3.0.tgz. Extracting by manifest.
132 silly tarball no local data for jws@https://registry.npmjs.org/jws/-/jws-3.2.2.tgz. Extracting by manifest.
133 silly tarball no local data for jsonwebtoken@https://registry.npmjs.org/jsonwebtoken/-/jsonwebtoken-9.0.2.tgz. Extracting by manifest.
134 silly tarball no local data for bcryptjs@https://registry.npmjs.org/bcryptjs/-/bcryptjs-3.0.3.tgz. Extracting by manifest.
135 silly tarball no local data for mongoose@https://registry.npmjs.org/mongoose/-/mongoose-8.19.3.tgz. Extracting by manifest.
136 http fetch GET 200 https://registry.npmjs.org/buffer-equal-constant-time/-/buffer-equal-constant-time-1.0.1.tgz 187ms (cache miss)
137 http fetch GET 200 https://registry.npmjs.org/ecdsa-sig-formatter/-/ecdsa-sig-formatter-1.0.11.tgz 194ms (cache miss)
138 http fetch POST 200 https://registry.npmjs.org/-/npm/v1/security/advisories/bulk 320ms
139 silly audit report {}
140 http fetch GET 200 https://registry.npmjs.org/lodash.isboolean/-/lodash.isboolean-3.0.3.tgz 287ms (cache miss)
141 http fetch GET 200 https://registry.npmjs.org/lodash.isnumber/-/lodash.isnumber-3.0.3.tgz 291ms (cache miss)
142 http fetch GET 200 https://registry.npmjs.org/lodash.isplainobject/-/lodash.isplainobject-4.0.6.tgz 294ms (cache miss)
143 http fetch GET 200 https://registry.npmjs.org/jwa/-/jwa-1.4.2.tgz 298ms (cache miss)
144 http fetch GET 200 https://registry.npmjs.org/lodash.once/-/lodash.once-4.1.1.tgz 301ms (cache miss)
145 http fetch GET 200 https://registry.npmjs.org/lodash.isinteger/-/lodash.isinteger-4.0.4.tgz 298ms (cache miss)
146 http fetch GET 200 https://registry.npmjs.org/lodash.isstring/-/lodash.isstring-4.0.1.tgz 305ms (cache miss)
147 http fetch GET 200 https://registry.npmjs.org/lodash.includes/-/lodash.includes-4.3.0.tgz 306ms (cache miss)
148 http fetch GET 200 https://registry.npmjs.org/jws/-/jws-3.2.2.tgz 311ms (cache miss)
149 http fetch GET 200 https://registry.npmjs.org/bcryptjs/-/bcryptjs-3.0.3.tgz 326ms (cache miss)
150 http fetch GET 200 https://registry.npmjs.org/jsonwebtoken/-/jsonwebtoken-9.0.2.tgz 328ms (cache miss)
151 http fetch GET 200 https://registry.npmjs.org/mongoose/-/mongoose-8.19.3.tgz 1112ms (cache miss)
152 silly ADD node_modules/ecdsa-sig-formatter
153 silly ADD node_modules/buffer-equal-constant-time
154 silly ADD node_modules/jwa
155 silly ADD node_modules/lodash.once
156 silly ADD node_modules/lodash.isstring
157 silly ADD node_modules/lodash.isplainobject
158 silly ADD node_modules/lodash.isnumber
159 silly ADD node_modules/lodash.isinteger
160 silly ADD node_modules/lodash.isboolean
161 silly ADD node_modules/lodash.includes
162 silly ADD node_modules/jws
163 silly ADD node_modules/jsonwebtoken
164 silly ADD node_modules/bcryptjs
165 silly CHANGE node_modules/mongoose
166 verbose cwd C:\Users\ADMIN\Desktop\BALA\Ecommerce App\backend
167 verbose os Windows_NT 10.0.19045
168 verbose node v22.12.0
169 verbose npm  v11.6.2
170 verbose exit 0
171 info ok
